
> backend@1.0.0 dev
> ts-node-dev --respawn --transpile-only src/index.ts

[INFO] 15:16:06 ts-node-dev ver. 2.0.0 (using ts-node ver. 10.9.2, typescript ver. 5.8.3)
[dotenv@17.2.0] injecting env (4) from .env (tip: ⚙️  override existing env vars with { override: true })
Error starting server: Error: listen EADDRINUSE: address already in use 0.0.0.0:3001
    at Server.setupListenHandle [as _listen2] (node:net:1939:16)
    at listenInCluster (node:net:1996:12)
    at node:net:2205:7
    at processTicksAndRejections (node:internal/process/task_queues:90:21) {
  code: 'EADDRINUSE',
  errno: -4091,
  syscall: 'listen',
  address: '0.0.0.0',
  port: 3001
}
[INFO] 15:28:55 Restarting: C:\Users\joaqu\Documents\newrepo\backend\src\services\championStatsService.ts has been modified
[dotenv@17.2.0] injecting env (4) from .env (tip: ⚙️  write to custom object with { processEnv: myObject })
Server listening on 127.0.0.1:3001
[INFO] 15:29:11 Restarting: C:\Users\joaqu\Documents\newrepo\backend\src\services\championStatsService.ts has been modified
[dotenv@17.2.0] injecting env (4) from .env (tip: ⚙️  write to custom object with { processEnv: myObject })
Server listening on 127.0.0.1:3001
[INFO] 15:36:08 Restarting: C:\Users\joaqu\Documents\newrepo\backend\src\routes\players\players.ts has been modified
[dotenv@17.2.0] injecting env (4) from .env (tip: ⚙️  write to custom object with { processEnv: myObject })
Error starting server: Error: listen EADDRINUSE: address already in use 0.0.0.0:3001
    at Server.setupListenHandle [as _listen2] (node:net:1939:16)
    at listenInCluster (node:net:1996:12)
    at node:net:2205:7
    at processTicksAndRejections (node:internal/process/task_queues:90:21) {
  code: 'EADDRINUSE',
  errno: -4091,
  syscall: 'listen',
  address: '0.0.0.0',
  port: 3001
}
[INFO] 15:36:20 Restarting: C:\Users\joaqu\Documents\newrepo\backend\src\routes\players\players.ts has been modified
[dotenv@17.2.0] injecting env (4) from .env (tip: 🔐 prevent building .env in docker: https://dotenvx.com/prebuild)
Error starting server: Error: listen EADDRINUSE: address already in use 0.0.0.0:3001
    at Server.setupListenHandle [as _listen2] (node:net:1939:16)
    at listenInCluster (node:net:1996:12)
    at node:net:2205:7
    at processTicksAndRejections (node:internal/process/task_queues:90:21) {
  code: 'EADDRINUSE',
  errno: -4091,
  syscall: 'listen',
  address: '0.0.0.0',
  port: 3001
}
[INFO] 15:36:30 Restarting: C:\Users\joaqu\Documents\newrepo\backend\src\routes\players\players.ts has been modified
[dotenv@17.2.0] injecting env (4) from .env (tip: 🔐 prevent committing .env to code: https://dotenvx.com/precommit)
Error starting server: Error: listen EADDRINUSE: address already in use 0.0.0.0:3001
    at Server.setupListenHandle [as _listen2] (node:net:1939:16)
    at listenInCluster (node:net:1996:12)
    at node:net:2205:7
    at processTicksAndRejections (node:internal/process/task_queues:90:21) {
  code: 'EADDRINUSE',
  errno: -4091,
  syscall: 'listen',
  address: '0.0.0.0',
  port: 3001
}
[INFO] 15:36:36 Restarting: C:\Users\joaqu\Documents\newrepo\backend\src\services\championStatsService.ts has been modified
[dotenv@17.2.0] injecting env (4) from .env (tip: ⚙️  suppress all logs with { quiet: true })
Server listening on 127.0.0.1:3001
[INFO] 15:36:49 Restarting: C:\Users\joaqu\Documents\newrepo\backend\src\services\championStatsService.ts has been modified
[dotenv@17.2.0] injecting env (4) from .env (tip: 🔐 prevent committing .env to code: https://dotenvx.com/precommit)
Error starting server: Error: listen EADDRINUSE: address already in use 0.0.0.0:3001
    at Server.setupListenHandle [as _listen2] (node:net:1939:16)
    at listenInCluster (node:net:1996:12)
    at node:net:2205:7
    at processTicksAndRejections (node:internal/process/task_queues:90:21) {
  code: 'EADDRINUSE',
  errno: -4091,
  syscall: 'listen',
  address: '0.0.0.0',
  port: 3001
}
[INFO] 15:37:20 Restarting: C:\Users\joaqu\Documents\newrepo\backend\src\utils\playerUtils.ts has been modified
[dotenv@17.2.0] injecting env (4) from .env (tip: ⚙️  load multiple .env files with { path: ['.env.local', '.env'] })
Server listening on 127.0.0.1:3001
[INFO] 15:42:29 Restarting: C:\Users\joaqu\Documents\newrepo\backend\src\utils\playerUtils.ts has been modified
[dotenv@17.2.0] injecting env (4) from .env (tip: 🛠️  run anywhere with `dotenvx run -- yourcommand`)
Server listening on 127.0.0.1:3001
[INFO] 15:42:59 Restarting: C:\Users\joaqu\Documents\newrepo\backend\src\utils\playerUtils.ts has been modified
[dotenv@17.2.0] injecting env (4) from .env (tip: 🔐 prevent building .env in docker: https://dotenvx.com/prebuild)
Error starting server: Error: listen EADDRINUSE: address already in use 0.0.0.0:3001
    at Server.setupListenHandle [as _listen2] (node:net:1939:16)
    at listenInCluster (node:net:1996:12)
    at node:net:2205:7
    at processTicksAndRejections (node:internal/process/task_queues:90:21) {
  code: 'EADDRINUSE',
  errno: -4091,
  syscall: 'listen',
  address: '0.0.0.0',
  port: 3001
}
[INFO] 15:43:23 Restarting: C:\Users\joaqu\Documents\newrepo\backend\src\utils\playerUtils.ts has been modified
[dotenv@17.2.0] injecting env (4) from .env (tip: 🔐 prevent building .env in docker: https://dotenvx.com/prebuild)
Server listening on 127.0.0.1:3001
[INFO] 15:44:14 Restarting: C:\Users\joaqu\Documents\newrepo\backend\src\utils\playerUtils.ts has been modified
[dotenv@17.2.0] injecting env (4) from .env (tip: 🔐 encrypt with dotenvx: https://dotenvx.com)
Error starting server: Error: listen EADDRINUSE: address already in use 0.0.0.0:3001
    at Server.setupListenHandle [as _listen2] (node:net:1939:16)
    at listenInCluster (node:net:1996:12)
    at node:net:2205:7
    at processTicksAndRejections (node:internal/process/task_queues:90:21) {
  code: 'EADDRINUSE',
  errno: -4091,
  syscall: 'listen',
  address: '0.0.0.0',
  port: 3001
}
[INFO] 15:45:26 Restarting: C:\Users\joaqu\Documents\newrepo\backend\src\utils\playerUtils.ts has been modified
[dotenv@17.2.0] injecting env (4) from .env (tip: ⚙️  enable debug logging with { debug: true })
Server listening on 127.0.0.1:3001
Found 10 standings for tournament: LEC/2025 Season/Spring Season
[INFO] 16:04:29 Restarting: C:\Users\joaqu\Documents\newrepo\backend\src\services\championStatsService.ts has been modified
[dotenv@17.2.0] injecting env (4) from .env (tip: 🔐 prevent committing .env to code: https://dotenvx.com/precommit)
Error starting server: Error: listen EADDRINUSE: address already in use 0.0.0.0:3001
    at Server.setupListenHandle [as _listen2] (node:net:1939:16)
    at listenInCluster (node:net:1996:12)
    at node:net:2205:7
    at processTicksAndRejections (node:internal/process/task_queues:90:21) {
  code: 'EADDRINUSE',
  errno: -4091,
  syscall: 'listen',
  address: '0.0.0.0',
  port: 3001
}
[INFO] 16:04:39 Restarting: C:\Users\joaqu\Documents\newrepo\backend\src\services\championStatsService.ts has been modified
[dotenv@17.2.0] injecting env (4) from .env (tip: 🔐 prevent committing .env to code: https://dotenvx.com/precommit)
Error starting server: Error: listen EADDRINUSE: address already in use 0.0.0.0:3001
    at Server.setupListenHandle [as _listen2] (node:net:1939:16)
    at listenInCluster (node:net:1996:12)
    at node:net:2205:7
    at processTicksAndRejections (node:internal/process/task_queues:90:21) {
  code: 'EADDRINUSE',
  errno: -4091,
  syscall: 'listen',
  address: '0.0.0.0',
  port: 3001
}
[INFO] 16:04:50 Restarting: C:\Users\joaqu\Documents\newrepo\backend\src\services\championStatsService.ts has been modified
[dotenv@17.2.0] injecting env (4) from .env (tip: 🔐 prevent building .env in docker: https://dotenvx.com/prebuild)
Server listening on 127.0.0.1:3001
[INFO] 16:05:12 Restarting: C:\Users\joaqu\Documents\newrepo\backend\src\schemas\params.ts has been modified
[dotenv@17.2.0] injecting env (4) from .env (tip: 🔐 prevent building .env in docker: https://dotenvx.com/prebuild)
Server listening on 127.0.0.1:3001
[INFO] 16:05:32 Restarting: C:\Users\joaqu\Documents\newrepo\backend\src\schemas\params.ts has been modified
[dotenv@17.2.0] injecting env (4) from .env (tip: ⚙️  write to custom object with { processEnv: myObject })
Error starting server: Error: listen EADDRINUSE: address already in use 0.0.0.0:3001
    at Server.setupListenHandle [as _listen2] (node:net:1939:16)
    at listenInCluster (node:net:1996:12)
    at node:net:2205:7
    at processTicksAndRejections (node:internal/process/task_queues:90:21) {
  code: 'EADDRINUSE',
  errno: -4091,
  syscall: 'listen',
  address: '0.0.0.0',
  port: 3001
}
[INFO] 16:05:57 Restarting: C:\Users\joaqu\Documents\newrepo\backend\src\schemas\params.ts has been modified
[dotenv@17.2.0] injecting env (4) from .env (tip: ⚙️  write to custom object with { processEnv: myObject })
Error starting server: Error: listen EADDRINUSE: address already in use 0.0.0.0:3001
    at Server.setupListenHandle [as _listen2] (node:net:1939:16)
    at listenInCluster (node:net:1996:12)
    at node:net:2205:7
    at processTicksAndRejections (node:internal/process/task_queues:90:21) {
  code: 'EADDRINUSE',
  errno: -4091,
  syscall: 'listen',
  address: '0.0.0.0',
  port: 3001
}
[INFO] 16:06:28 Restarting: C:\Users\joaqu\Documents\newrepo\backend\src\routes\champions\champions.ts has been modified
[dotenv@17.2.0] injecting env (4) from .env (tip: ⚙️  override existing env vars with { override: true })
Server listening on 127.0.0.1:3001
[INFO] 16:06:44 Restarting: C:\Users\joaqu\Documents\newrepo\backend\src\routes\champions\champions.ts has been modified
[dotenv@17.2.0] injecting env (4) from .env (tip: 🛠️  run anywhere with `dotenvx run -- yourcommand`)
Server listening on 127.0.0.1:3001
[INFO] 16:07:00 Restarting: C:\Users\joaqu\Documents\newrepo\backend\src\routes\champions\champions.ts has been modified
[dotenv@17.2.0] injecting env (4) from .env (tip: ⚙️  specify custom .env file path with { path: '/custom/path/.env' })
Server listening on 127.0.0.1:3001
[INFO] 16:07:06 Restarting: C:\Users\joaqu\Documents\newrepo\backend\src\routes\champions\champions.ts has been modified
[dotenv@17.2.0] injecting env (4) from .env (tip: 🔐 prevent committing .env to code: https://dotenvx.com/precommit)
Error starting server: Error: listen EADDRINUSE: address already in use 0.0.0.0:3001
    at Server.setupListenHandle [as _listen2] (node:net:1939:16)
    at listenInCluster (node:net:1996:12)
    at node:net:2205:7
    at processTicksAndRejections (node:internal/process/task_queues:90:21) {
  code: 'EADDRINUSE',
  errno: -4091,
  syscall: 'listen',
  address: '0.0.0.0',
  port: 3001
}
